<?xml version="1.0" encoding="UTF-8"?>
<testsuite xmlns:xsi="http://www.w3.org/2001/XMLSchema-instance" xsi:noNamespaceSchemaLocation="https://maven.apache.org/surefire/maven-surefire-plugin/xsd/surefire-test-report-3.0.xsd" version="3.0" name="com.example.sneaker.SneakerApplicationTests" time="7.13" tests="1" errors="0" skipped="0" failures="0">
  <properties>
[...]
</properties>
  <testcase name="contextLoads" classname="com.example.sneaker.SneakerApplicationTests" time="1.072">
    <system-out><![CDATA[02:09:36.789 [main] INFO org.springframework.test.context.support.AnnotationConfigContextLoaderUtils -- Could not detect default configuration classes for test class [com.example.sneaker.SneakerApplicationTests]: SneakerApplicationTests does not declare any static, non-private, non-final, nested classes annotated with @Configuration.
02:09:36.864 [main] INFO org.springframework.boot.test.context.SpringBootTestContextBootstrapper -- Found @SpringBootConfiguration com.example.sneaker.SneakerApplication for test class com.example.sneaker.SneakerApplicationTests

  .   ____          _            __ _ _
 /\\ / ___'_ __ _ _(_)_ __  __ _ \ \ \ \
( ( )\___ | '_ | '_| | '_ \/ _` | \ \ \ \
 \\/  ___)| |_)| | | | | || (_| |  ) ) ) )
  '  |____| .__|_| |_|_| |_\__, | / / / /
 =========|_|==============|___/=/_/_/_/
 :: Spring Boot ::                (v3.1.5)

2024-01-02T02:09:37.173+07:00  INFO 39546 --- [           main] c.e.sneaker.SneakerApplicationTests      : Starting SneakerApplicationTests using Java 17.0.9 with PID 39546 (started by lampham in /home/lampham/IdeaProjects/sneaker-shop-back-end)
2024-01-02T02:09:37.174+07:00  INFO 39546 --- [           main] c.e.sneaker.SneakerApplicationTests      : No active profile set, falling back to 1 default profile: "default"
2024-01-02T02:09:37.864+07:00  INFO 39546 --- [           main] .s.d.r.c.RepositoryConfigurationDelegate : Bootstrapping Spring Data JPA repositories in DEFAULT mode.
2024-01-02T02:09:37.925+07:00  INFO 39546 --- [           main] .s.d.r.c.RepositoryConfigurationDelegate : Finished Spring Data repository scanning in 55 ms. Found 9 JPA repository interfaces.
2024-01-02T02:09:38.312+07:00  INFO 39546 --- [           main] com.zaxxer.hikari.HikariDataSource       : HikariPool-1 - Starting...
2024-01-02T02:09:39.084+07:00  INFO 39546 --- [           main] com.zaxxer.hikari.pool.HikariPool        : HikariPool-1 - Added connection com.mysql.cj.jdbc.ConnectionImpl@447521e
2024-01-02T02:09:39.086+07:00  INFO 39546 --- [           main] com.zaxxer.hikari.HikariDataSource       : HikariPool-1 - Start completed.
2024-01-02T02:09:39.914+07:00  INFO 39546 --- [           main] liquibase.changelog                      : Reading from sneaker_shop.DATABASECHANGELOG
2024-01-02T02:09:39.932+07:00  INFO 39546 --- [           main] liquibase.executor                       : Changelog query completed.
Database is up to date, no changesets to execute
2024-01-02T02:09:40.044+07:00  INFO 39546 --- [           main] o.hibernate.jpa.internal.util.LogHelper  : HHH000204: Processing PersistenceUnitInfo [name: default]
2024-01-02T02:09:40.083+07:00  INFO 39546 --- [           main] org.hibernate.Version                    : HHH000412: Hibernate ORM core version 6.2.13.Final
2024-01-02T02:09:40.086+07:00  INFO 39546 --- [           main] org.hibernate.cfg.Environment            : HHH000406: Using bytecode reflection optimizer
2024-01-02T02:09:40.257+07:00  INFO 39546 --- [           main] o.s.o.j.p.SpringPersistenceUnitInfo      : No LoadTimeWeaver setup: ignoring JPA class transformer
2024-01-02T02:09:40.285+07:00  WARN 39546 --- [           main] org.hibernate.orm.deprecation            : HHH90000025: MySQL8Dialect does not need to be specified explicitly using 'hibernate.dialect' (remove the property setting and it will be selected by default)
2024-01-02T02:09:40.286+07:00  WARN 39546 --- [           main] org.hibernate.orm.deprecation            : HHH90000026: MySQL8Dialect has been deprecated; use org.hibernate.dialect.MySQLDialect instead
2024-01-02T02:09:41.033+07:00  INFO 39546 --- [           main] o.h.e.t.j.p.i.JtaPlatformInitiator       : HHH000489: No JTA platform available (set 'hibernate.transaction.jta.platform' to enable JTA platform integration)
2024-01-02T02:09:41.035+07:00  INFO 39546 --- [           main] j.LocalContainerEntityManagerFactoryBean : Initialized JPA EntityManagerFactory for persistence unit 'default'
2024-01-02T02:09:41.536+07:00  INFO 39546 --- [           main] o.s.d.j.r.query.QueryEnhancerFactory     : Hibernate is in classpath; If applicable, HQL parser will be used.
2024-01-02T02:09:42.072+07:00  WARN 39546 --- [           main] JpaBaseConfiguration$JpaWebConfiguration : spring.jpa.open-in-view is enabled by default. Therefore, database queries may be performed during view rendering. Explicitly configure spring.jpa.open-in-view to disable this warning
2024-01-02T02:09:42.176+07:00  INFO 39546 --- [           main] o.s.s.web.DefaultSecurityFilterChain     : Will secure any request with [org.springframework.security.web.session.DisableEncodeUrlFilter@47bc4445, org.springframework.security.web.context.request.async.WebAsyncManagerIntegrationFilter@687e9f0b, org.springframework.security.web.context.SecurityContextHolderFilter@1030ce34, org.springframework.security.web.header.HeaderWriterFilter@7f336491, org.springframework.web.filter.CorsFilter@5074893, org.springframework.security.web.authentication.logout.LogoutFilter@4998944b, com.example.sneaker.security.jwt.JWTFilter@78ae9b9c, org.springframework.security.web.savedrequest.RequestCacheAwareFilter@3eea7c4b, org.springframework.security.web.servletapi.SecurityContextHolderAwareRequestFilter@50d507ab, org.springframework.security.web.authentication.AnonymousAuthenticationFilter@5d9576a0, org.springframework.security.web.access.ExceptionTranslationFilter@bf6de66, org.springframework.security.web.access.intercept.FilterSecurityInterceptor@5a1c0bcc]
2024-01-02T02:09:42.640+07:00  INFO 39546 --- [           main] c.e.sneaker.SneakerApplicationTests      : Started SneakerApplicationTests in 5.662 seconds (process running for 6.547)
]]></system-out>
  </testcase>
</testsuite>